[I 2023-09-01 06:28:53,630] Trial 423 finished with value: 3170.5167169450274 and parameters: {'x': 1.721425818700537, 'y': 197.59447323261318}. Best is trial 361 with value: 1318.9827115392918.
[I 2023-09-01 06:30:31,895] Trial 424 finished with value: 7669.119874930347 and parameters: {'x': 1.5186070500906848, 'y': 146.17016333595674}. Best is trial 361 with value: 1318.9827115392918.
[I 2023-09-01 06:32:10,267] Trial 425 finished with value: 12377.916666666666 and parameters: {'x': 2.765111956777666, 'y': 745.9216043728658}. Best is trial 361 with value: 1318.9827115392918.
[I 2023-09-01 06:33:48,149] Trial 426 finished with value: 12377.916666666666 and parameters: {'x': 2.7994510749857784, 'y': 455.64955973677536}. Best is trial 361 with value: 1318.9827115392918.
[I 2023-09-01 06:35:26,326] Trial 427 finished with value: 3655.6046089840024 and parameters: {'x': 2.6813226014366864, 'y': 114.82792079245269}. Best is trial 361 with value: 1318.9827115392918.
[I 2023-09-01 06:37:05,087] Trial 428 finished with value: 1391.854586826016 and parameters: {'x': 2.735022999041106, 'y': 164.12273283396394}. Best is trial 361 with value: 1318.9827115392918.
[I 2023-09-01 06:38:43,415] Trial 429 finished with value: 3084.8713718278063 and parameters: {'x': 1.7975272083990763, 'y': 133.67195865030664}. Best is trial 361 with value: 1318.9827115392918.
[I 2023-09-01 06:40:21,063] Trial 430 finished with value: 12377.916666666666 and parameters: {'x': 2.7663700218479557, 'y': 410.26669924088446}. Best is trial 361 with value: 1318.9827115392918.
[I 2023-09-01 06:41:59,282] Trial 431 finished with value: 12191.241443800152 and parameters: {'x': 1.431741083823234, 'y': 27.86458007446717}. Best is trial 361 with value: 1318.9827115392918.
[I 2023-09-01 06:43:37,420] Trial 432 finished with value: 1427.3799037857216 and parameters: {'x': 2.7147363234221515, 'y': 164.80464037306754}. Best is trial 361 with value: 1318.9827115392918.
[I 2023-09-01 06:45:15,252] Trial 433 finished with value: 12377.916666666666 and parameters: {'x': 2.7404255038179883, 'y': 362.3493035896935}. Best is trial 361 with value: 1318.9827115392918.
[I 2023-09-01 06:46:53,507] Trial 434 finished with value: 1542.1425723554903 and parameters: {'x': 2.160782684658556, 'y': 200.36157428964688}. Best is trial 361 with value: 1318.9827115392918.
[I 2023-09-01 06:48:32,605] Trial 435 finished with value: 3757.6942734138743 and parameters: {'x': 2.6877581089314213, 'y': 99.28148860164553}. Best is trial 361 with value: 1318.9827115392918.
[I 2023-09-01 06:50:11,826] Trial 436 finished with value: 1333.0619547707254 and parameters: {'x': 2.7981880535248482, 'y': 148.27497304033474}. Best is trial 361 with value: 1318.9827115392918.
[I 2023-09-01 06:51:50,461] Trial 437 finished with value: 2313.7801503533296 and parameters: {'x': 2.7648425889346724, 'y': 122.14752201591779}. Best is trial 361 with value: 1318.9827115392918.
[I 2023-09-01 06:53:28,235] Trial 438 finished with value: 12377.916666666666 and parameters: {'x': 2.7182331210403268, 'y': 458.81361663209105}. Best is trial 361 with value: 1318.9827115392918.
[I 2023-09-01 06:55:06,354] Trial 439 finished with value: 1379.970824454117 and parameters: {'x': 2.6506344791227767, 'y': 196.42281175170768}. Best is trial 361 with value: 1318.9827115392918.
[I 2023-09-01 06:56:44,516] Trial 440 finished with value: 12377.916666666666 and parameters: {'x': 2.7652839461791916, 'y': 533.9994052215247}. Best is trial 361 with value: 1318.9827115392918.
[I 2023-09-01 06:58:22,745] Trial 441 finished with value: 1323.8821299986382 and parameters: {'x': 2.7994148045475953, 'y': 161.62095022261775}. Best is trial 361 with value: 1318.9827115392918.
[I 2023-09-01 07:00:00,975] Trial 442 finished with value: 1440.271487324567 and parameters: {'x': 2.7196851078661943, 'y': 160.5775355176083}. Best is trial 361 with value: 1318.9827115392918.
[I 2023-09-01 07:01:39,240] Trial 443 finished with value: 12244.24585455936 and parameters: {'x': 1.0174847275150338, 'y': 165.08516429727823}. Best is trial 361 with value: 1318.9827115392918.
[I 2023-09-01 07:03:18,121] Trial 444 finished with value: 1794.3471674336618 and parameters: {'x': 2.741513059982088, 'y': 196.201619346663}. Best is trial 361 with value: 1318.9827115392918.
[I 2023-09-01 07:04:56,466] Trial 445 finished with value: 1319.5819201107104 and parameters: {'x': 2.797909529075185, 'y': 166.08375224581405}. Best is trial 361 with value: 1318.9827115392918.
[I 2023-09-01 07:06:34,620] Trial 446 finished with value: 1527.3738435739099 and parameters: {'x': 2.6774260279892825, 'y': 162.73704448558394}. Best is trial 361 with value: 1318.9827115392918.
[I 2023-09-01 07:08:12,985] Trial 447 finished with value: 11392.854814004007 and parameters: {'x': 1.8661528416123931, 'y': 42.85188334574383}. Best is trial 361 with value: 1318.9827115392918.
[I 2023-09-01 07:09:50,797] Trial 448 finished with value: 12377.916666666666 and parameters: {'x': 2.7678906079173227, 'y': 335.41950359709864}. Best is trial 361 with value: 1318.9827115392918.
[I 2023-09-01 07:11:29,604] Trial 449 finished with value: 3692.353392971919 and parameters: {'x': 2.7993802848012583, 'y': 199.60895844957128}. Best is trial 361 with value: 1318.9827115392918.
[I 2023-09-01 07:13:07,931] Trial 450 finished with value: 1448.1516844390264 and parameters: {'x': 2.707302393643725, 'y': 74.45145537706294}. Best is trial 361 with value: 1318.9827115392918.
[I 2023-09-01 07:14:46,438] Trial 451 finished with value: 3622.803079227391 and parameters: {'x': 2.7433588015026764, 'y': 112.56025864910723}. Best is trial 361 with value: 1318.9827115392918.
[I 2023-09-01 07:16:24,664] Trial 452 finished with value: 1599.9979610458342 and parameters: {'x': 2.6363409404830174, 'y': 164.53726901926342}. Best is trial 361 with value: 1318.9827115392918.
[I 2023-09-01 07:18:02,887] Trial 453 finished with value: 6076.474749605088 and parameters: {'x': 1.6847049592139824, 'y': 127.29557359218913}. Best is trial 361 with value: 1318.9827115392918.
[I 2023-09-01 07:19:41,224] Trial 454 finished with value: 1719.6382118467793 and parameters: {'x': 2.7356450392965352, 'y': 196.03555161237728}. Best is trial 361 with value: 1318.9827115392918.
[I 2023-09-01 07:21:19,472] Trial 455 finished with value: 1444.3827964106733 and parameters: {'x': 2.6934552557995826, 'y': 169.00206317316483}. Best is trial 361 with value: 1318.9827115392918.
[I 2023-09-01 07:22:58,013] Trial 456 finished with value: 1328.8048264231627 and parameters: {'x': 2.7984444108968067, 'y': 138.35548124356362}. Best is trial 361 with value: 1318.9827115392918.
[I 2023-09-01 07:24:37,062] Trial 457 finished with value: 1320.6383420279483 and parameters: {'x': 2.7998672803276303, 'y': 143.3502584986246}. Best is trial 361 with value: 1318.9827115392918.
[I 2023-09-01 07:26:14,901] Trial 458 finished with value: 12377.916666666666 and parameters: {'x': 2.7956047719110644, 'y': 370.22449165954197}. Best is trial 361 with value: 1318.9827115392918.
[I 2023-09-01 07:27:53,223] Trial 459 finished with value: 5664.589981896698 and parameters: {'x': 1.6326840187365774, 'y': 141.31030978415637}. Best is trial 361 with value: 1318.9827115392918.
[I 2023-09-01 07:29:31,376] Trial 460 finished with value: 1396.3838234676025 and parameters: {'x': 2.748467145806474, 'y': 135.12349376707962}. Best is trial 361 with value: 1318.9827115392918.
[I 2023-09-01 07:31:09,486] Trial 461 finished with value: 1348.7982295630475 and parameters: {'x': 2.7720959072498124, 'y': 151.14830728342548}. Best is trial 361 with value: 1318.9827115392918.
[I 2023-09-01 07:32:48,321] Trial 462 finished with value: 3202.353134308625 and parameters: {'x': 2.799925556425035, 'y': 113.74653652548487}. Best is trial 361 with value: 1318.9827115392918.
[I 2023-09-01 07:34:26,749] Trial 463 finished with value: 1406.867563061254 and parameters: {'x': 2.711757723597063, 'y': 168.2536189993642}. Best is trial 361 with value: 1318.9827115392918.
[I 2023-09-01 07:36:04,691] Trial 464 finished with value: 12377.916666666666 and parameters: {'x': 2.67035390260025, 'y': 475.3677662936847}. Best is trial 361 with value: 1318.9827115392918.
[I 2023-09-01 07:37:42,847] Trial 465 finished with value: 1693.5956436306676 and parameters: {'x': 1.7532817579778668, 'y': 588.2666064699118}. Best is trial 361 with value: 1318.9827115392918.
[I 2023-09-01 07:39:20,857] Trial 466 finished with value: 12377.916666666666 and parameters: {'x': 2.7343106412065366, 'y': 864.9669838539719}. Best is trial 361 with value: 1318.9827115392918.
[I 2023-09-01 07:40:59,025] Trial 467 finished with value: 1362.8718620196344 and parameters: {'x': 2.799426077084862, 'y': 135.41763235186662}. Best is trial 361 with value: 1318.9827115392918.
[I 2023-09-01 07:42:37,197] Trial 468 finished with value: 2119.93839267987 and parameters: {'x': 1.6668725887412459, 'y': 201.07851588432226}. Best is trial 361 with value: 1318.9827115392918.
[I 2023-09-01 07:44:15,301] Trial 469 finished with value: 1904.4578071055148 and parameters: {'x': 1.1813480847530484, 'y': 551.981365187541}. Best is trial 361 with value: 1318.9827115392918.
[I 2023-09-01 07:45:53,307] Trial 470 finished with value: 4118.3229216718655 and parameters: {'x': 2.7573985859789447, 'y': 99.61756975185517}. Best is trial 361 with value: 1318.9827115392918.
[I 2023-09-01 07:47:31,381] Trial 471 finished with value: 1412.5929646880184 and parameters: {'x': 2.70812377515978, 'y': 168.5175751734855}. Best is trial 361 with value: 1318.9827115392918.
[I 2023-09-01 07:49:09,462] Trial 472 finished with value: 1861.8794444118857 and parameters: {'x': 2.768519555862701, 'y': 126.43607850542917}. Best is trial 361 with value: 1318.9827115392918.
[I 2023-09-01 07:50:47,261] Trial 473 finished with value: 12377.916666666666 and parameters: {'x': 2.6180575680806313, 'y': 341.58864627482205}. Best is trial 361 with value: 1318.9827115392918.
[I 2023-09-01 07:52:25,710] Trial 474 finished with value: 1364.568081758175 and parameters: {'x': 2.73538748025207, 'y': 147.45082735548}. Best is trial 361 with value: 1318.9827115392918.
[I 2023-09-01 07:54:04,029] Trial 475 finished with value: 1465.612431928623 and parameters: {'x': 2.188045490294468, 'y': 202.5481522674091}. Best is trial 361 with value: 1318.9827115392918.
[I 2023-09-01 07:55:42,272] Trial 476 finished with value: 1474.1833223131273 and parameters: {'x': 2.66746502376636, 'y': 172.80621591708532}. Best is trial 361 with value: 1318.9827115392918.
[I 2023-09-01 07:57:20,755] Trial 477 finished with value: 2270.629352769041 and parameters: {'x': 2.768372825646399, 'y': 122.46336983004657}. Best is trial 361 with value: 1318.9827115392918.
[I 2023-09-01 07:58:59,214] Trial 478 finished with value: 1397.871449356596 and parameters: {'x': 2.7159138853135203, 'y': 150.01519629355687}. Best is trial 361 with value: 1318.9827115392918.
[I 2023-09-01 08:00:37,483] Trial 479 finished with value: 12377.916666666666 and parameters: {'x': 2.7715078085330966, 'y': 448.47617015116384}. Best is trial 361 with value: 1318.9827115392918.
[I 2023-09-01 08:02:15,100] Trial 480 finished with value: 12377.916666666666 and parameters: {'x': 2.6937196279867397, 'y': 653.8261386175789}. Best is trial 361 with value: 1318.9827115392918.
[I 2023-09-01 08:03:52,666] Trial 481 finished with value: 12377.916666666666 and parameters: {'x': 2.7993947010763027, 'y': 513.2340053126533}. Best is trial 361 with value: 1318.9827115392918.
[I 2023-09-01 08:05:30,800] Trial 482 finished with value: 1587.0686455893526 and parameters: {'x': 2.732356611118492, 'y': 194.5607442575942}. Best is trial 361 with value: 1318.9827115392918.
[I 2023-09-01 08:07:08,734] Trial 483 finished with value: 12377.916666666666 and parameters: {'x': 2.7494174646874225, 'y': 410.4757286695023}. Best is trial 361 with value: 1318.9827115392918.
[I 2023-09-01 08:08:46,978] Trial 484 finished with value: 1325.423461947586 and parameters: {'x': 2.7968383273509003, 'y': 145.2034139619262}. Best is trial 361 with value: 1318.9827115392918.
[I 2023-09-01 08:10:25,231] Trial 485 finished with value: 9436.688635163538 and parameters: {'x': 1.6100129011995528, 'y': 102.36595298702497}. Best is trial 361 with value: 1318.9827115392918.
[I 2023-09-01 08:12:03,351] Trial 486 finished with value: 1320.2467497271468 and parameters: {'x': 2.798559577439705, 'y': 140.35450660586594}. Best is trial 361 with value: 1318.9827115392918.
[I 2023-09-01 08:13:41,607] Trial 487 finished with value: 2162.7153352672544 and parameters: {'x': 2.773291253452786, 'y': 123.358949334374}. Best is trial 361 with value: 1318.9827115392918.
[I 2023-09-01 08:15:19,683] Trial 488 finished with value: 1320.79843153615 and parameters: {'x': 2.7990502856987374, 'y': 143.37448473828323}. Best is trial 361 with value: 1318.9827115392918.
[I 2023-09-01 08:16:57,422] Trial 489 finished with value: 12377.916666666666 and parameters: {'x': 2.788737805407058, 'y': 496.01186349335904}. Best is trial 361 with value: 1318.9827115392918.
[I 2023-09-01 08:18:35,596] Trial 490 finished with value: 1333.6738553002288 and parameters: {'x': 2.7957788265336863, 'y': 148.25555235520827}. Best is trial 361 with value: 1318.9827115392918.
[I 2023-09-01 08:20:14,212] Trial 491 finished with value: 10669.004676050803 and parameters: {'x': 1.4664859395035976, 'y': 103.0583743424865}. Best is trial 361 with value: 1318.9827115392918.
[I 2023-09-01 08:21:52,300] Trial 492 finished with value: 1454.45690004932 and parameters: {'x': 2.7977254073692217, 'y': 131.98920814764315}. Best is trial 361 with value: 1318.9827115392918.
[I 2023-09-01 08:23:30,976] Trial 493 finished with value: 1336.7969085303519 and parameters: {'x': 2.799955188553469, 'y': 152.43553036071722}. Best is trial 361 with value: 1318.9827115392918.
[I 2023-09-01 08:25:09,590] Trial 494 finished with value: 12377.916666666666 and parameters: {'x': 2.744858139954933, 'y': 985.2716335042523}. Best is trial 361 with value: 1318.9827115392918.
[I 2023-09-01 08:26:47,713] Trial 495 finished with value: 4061.0406028875223 and parameters: {'x': 2.6983504717041185, 'y': 109.61986804832928}. Best is trial 361 with value: 1318.9827115392918.
[I 2023-09-01 08:28:26,629] Trial 496 finished with value: 1359.2863521886195 and parameters: {'x': 2.7597839398542305, 'y': 160.52451542697366}. Best is trial 361 with value: 1318.9827115392918.
[I 2023-09-01 08:30:06,198] Trial 497 finished with value: 2843.6440977208126 and parameters: {'x': 2.718990062586027, 'y': 91.33234111366295}. Best is trial 361 with value: 1318.9827115392918.
[I 2023-09-01 08:31:45,528] Trial 498 finished with value: 2153.5706487255143 and parameters: {'x': 2.6542557992032747, 'y': 128.66295332044206}. Best is trial 361 with value: 1318.9827115392918.
[I 2023-09-01 08:33:23,949] Trial 499 finished with value: 1326.2439030181076 and parameters: {'x': 2.7615493699023888, 'y': 169.26166393725558}. Best is trial 361 with value: 1318.9827115392918.
[I 2023-09-01 08:35:02,546] Trial 500 finished with value: 1319.8593264809895 and parameters: {'x': 2.7989499295173643, 'y': 140.5319756521234}. Best is trial 361 with value: 1318.9827115392918.
[I 2023-09-01 08:36:41,409] Trial 501 finished with value: 2985.5763671645122 and parameters: {'x': 2.795625510307446, 'y': 115.64111098400619}. Best is trial 361 with value: 1318.9827115392918.
[I 2023-09-01 08:38:19,902] Trial 502 finished with value: 12377.916666666666 and parameters: {'x': 2.7672832915739636, 'y': 320.86203682210936}. Best is trial 361 with value: 1318.9827115392918.
[I 2023-09-01 08:39:58,281] Trial 503 finished with value: 26824.805063051546 and parameters: {'x': 1.359399313488805, 'y': 484.8270447168419}. Best is trial 361 with value: 1318.9827115392918.
[I 2023-09-01 08:41:36,517] Trial 504 finished with value: 1911.794759400358 and parameters: {'x': 1.8125809616376953, 'y': 144.38046288656687}. Best is trial 361 with value: 1318.9827115392918.
[I 2023-09-01 08:43:14,997] Trial 505 finished with value: 1902.59699333905 and parameters: {'x': 2.0784826566664196, 'y': 128.1054642760666}. Best is trial 361 with value: 1318.9827115392918.
[I 2023-09-01 08:44:54,200] Trial 506 finished with value: 3391.1656507609855 and parameters: {'x': 2.766336411037701, 'y': 92.50716958522332}. Best is trial 361 with value: 1318.9827115392918.
[I 2023-09-01 08:46:33,153] Trial 507 finished with value: 2020.6730347866426 and parameters: {'x': 1.7720934742903345, 'y': 149.98294173878043}. Best is trial 361 with value: 1318.9827115392918.
[I 2023-09-01 08:48:11,316] Trial 508 finished with value: 12366.225655482538 and parameters: {'x': 2.154220391768052, 'y': 475.7646013474462}. Best is trial 361 with value: 1318.9827115392918.
[I 2023-09-01 08:49:49,509] Trial 509 finished with value: 5486.906771307814 and parameters: {'x': 1.589660900895416, 'y': 369.7990397608864}. Best is trial 361 with value: 1318.9827115392918.
[I 2023-09-01 08:51:27,951] Trial 510 finished with value: 3771.70949382278 and parameters: {'x': 1.892262343691142, 'y': 167.72078318232664}. Best is trial 361 with value: 1318.9827115392918.
[I 2023-09-01 08:53:05,744] Trial 511 finished with value: 12377.916666666666 and parameters: {'x': 2.7983134228711624, 'y': 566.122487165368}. Best is trial 361 with value: 1318.9827115392918.
[I 2023-09-01 08:54:44,330] Trial 512 finished with value: 2999.2931029386323 and parameters: {'x': 2.7984098076602906, 'y': 115.35359289165365}. Best is trial 361 with value: 1318.9827115392918.
[I 2023-09-01 08:56:22,547] Trial 513 finished with value: 12262.297986149277 and parameters: {'x': 2.715043017698352, 'y': 4.368537385405375}. Best is trial 361 with value: 1318.9827115392918.
[I 2023-09-01 08:58:00,673] Trial 514 finished with value: 3552.509662567784 and parameters: {'x': 1.745863889302521, 'y': 138.27194776740674}. Best is trial 361 with value: 1318.9827115392918.
[I 2023-09-01 08:59:38,833] Trial 515 finished with value: 6022.04045905816 and parameters: {'x': 2.103744998817852, 'y': 163.3411089603029}. Best is trial 361 with value: 1318.9827115392918.
[I 2023-09-01 09:01:17,593] Trial 516 finished with value: 7985.712897938807 and parameters: {'x': 1.5088564634878923, 'y': 144.45539909743457}. Best is trial 361 with value: 1318.9827115392918.
[I 2023-09-01 09:02:57,032] Trial 517 finished with value: 2134.8628967140467 and parameters: {'x': 2.7595091285201945, 'y': 123.81516532063998}. Best is trial 361 with value: 1318.9827115392918.
[I 2023-09-01 09:04:35,413] Trial 518 finished with value: 2190.7068449748626 and parameters: {'x': 2.693709598024307, 'y': 88.25542497215726}. Best is trial 361 with value: 1318.9827115392918.
[I 2023-09-01 09:06:13,894] Trial 519 finished with value: 9956.934102749885 and parameters: {'x': 1.905673825691963, 'y': 63.83316798247233}. Best is trial 361 with value: 1318.9827115392918.
[I 2023-09-01 09:07:51,860] Trial 520 finished with value: 12377.916666666666 and parameters: {'x': 2.624186287991263, 'y': 628.495188057607}. Best is trial 361 with value: 1318.9827115392918.
[I 2023-09-01 09:09:30,344] Trial 521 finished with value: 1356.8189045023819 and parameters: {'x': 2.736226541454385, 'y': 169.57286100288388}. Best is trial 361 with value: 1318.9827115392918.
[I 2023-09-01 09:11:08,205] Trial 522 finished with value: 12377.916666666666 and parameters: {'x': 2.798350769062166, 'y': 504.6458530472632}. Best is trial 361 with value: 1318.9827115392918.
[I 2023-09-01 09:12:46,141] Trial 523 finished with value: 4465.744696848026 and parameters: {'x': 1.6382214928792198, 'y': 151.52555923573797}. Best is trial 361 with value: 1318.9827115392918.
[I 2023-09-01 09:14:24,284] Trial 524 finished with value: 2673.7963258687805 and parameters: {'x': 2.7607079472711256, 'y': 200.00978460611336}. Best is trial 361 with value: 1318.9827115392918.
[I 2023-09-01 09:16:02,730] Trial 525 finished with value: 2648.5401483008723 and parameters: {'x': 1.953692555329969, 'y': 115.81814880293511}. Best is trial 361 with value: 1318.9827115392918.
[I 2023-09-01 09:17:41,018] Trial 526 finished with value: 1361.33364176341 and parameters: {'x': 2.7990042658752965, 'y': 135.52293226242915}. Best is trial 361 with value: 1318.9827115392918.
[I 2023-09-01 09:19:19,746] Trial 527 finished with value: 5659.287373535412 and parameters: {'x': 1.5262092815151995, 'y': 168.31898456496987}. Best is trial 361 with value: 1318.9827115392918.
[I 2023-09-01 09:20:58,058] Trial 528 finished with value: 4155.800574715683 and parameters: {'x': 2.731406011699206, 'y': 104.21391775914114}. Best is trial 361 with value: 1318.9827115392918.
[I 2023-09-01 09:22:36,386] Trial 529 finished with value: 12055.272529763564 and parameters: {'x': 1.091384831104067, 'y': 148.77824325321043}. Best is trial 361 with value: 1318.9827115392918.
[I 2023-09-01 09:24:14,611] Trial 530 finished with value: 2811.9481700332576 and parameters: {'x': 1.5596627831641723, 'y': 191.06416921019357}. Best is trial 361 with value: 1318.9827115392918.
[I 2023-09-01 09:25:53,045] Trial 531 finished with value: 1742.924680347128 and parameters: {'x': 2.683605487044926, 'y': 131.1721479996587}. Best is trial 361 with value: 1318.9827115392918.
[I 2023-09-01 09:27:30,840] Trial 532 finished with value: 12377.916666666666 and parameters: {'x': 2.7621563208195146, 'y': 471.8095920284486}. Best is trial 361 with value: 1318.9827115392918.
[I 2023-09-01 09:29:09,084] Trial 533 finished with value: 10047.772072929734 and parameters: {'x': 1.3130059734507216, 'y': 170.73411659726852}. Best is trial 361 with value: 1318.9827115392918.
[I 2023-09-01 09:30:47,425] Trial 534 finished with value: 1363.00619251393 and parameters: {'x': 2.595606864634924, 'y': 146.95366972677334}. Best is trial 361 with value: 1318.9827115392918.
