[I 2023-09-01 09:32:25,140] Trial 535 finished with value: 12377.916666666666 and parameters: {'x': 2.7275574720535536, 'y': 514.1025830420782}. Best is trial 361 with value: 1318.9827115392918.
[I 2023-09-01 09:34:02,774] Trial 536 finished with value: 12377.916666666666 and parameters: {'x': 2.7995947738749405, 'y': 372.1635950171601}. Best is trial 361 with value: 1318.9827115392918.
[I 2023-09-01 09:35:40,474] Trial 537 finished with value: 12377.916666666666 and parameters: {'x': 2.7619311173524, 'y': 544.0393734915565}. Best is trial 361 with value: 1318.9827115392918.
[I 2023-09-01 09:37:18,696] Trial 538 finished with value: 1494.6459068933118 and parameters: {'x': 2.6674005113801145, 'y': 200.73093004325057}. Best is trial 361 with value: 1318.9827115392918.
[I 2023-09-01 09:38:57,150] Trial 539 finished with value: 3895.5294448083023 and parameters: {'x': 2.715150991462418, 'y': 111.09837525588006}. Best is trial 361 with value: 1318.9827115392918.
[I 2023-09-01 09:40:35,307] Trial 540 finished with value: 1327.6428922692635 and parameters: {'x': 2.765299115929343, 'y': 167.2157109145205}. Best is trial 361 with value: 1318.9827115392918.
[I 2023-09-01 09:42:13,635] Trial 541 finished with value: 1590.901268522507 and parameters: {'x': 1.7277093094257459, 'y': 170.9585636642356}. Best is trial 361 with value: 1318.9827115392918.
[I 2023-09-01 09:43:51,884] Trial 542 finished with value: 5474.48520599313 and parameters: {'x': 1.8586718676596725, 'y': 349.3837369388852}. Best is trial 361 with value: 1318.9827115392918.
[I 2023-09-01 09:45:29,979] Trial 543 finished with value: 1417.8463206295007 and parameters: {'x': 2.70425353670988, 'y': 193.69784303843576}. Best is trial 361 with value: 1318.9827115392918.
[I 2023-09-01 09:47:08,146] Trial 544 finished with value: 5527.6339519327885 and parameters: {'x': 2.144575468118896, 'y': 163.9335094424495}. Best is trial 361 with value: 1318.9827115392918.
[I 2023-09-01 09:48:46,535] Trial 545 finished with value: 12377.916666666666 and parameters: {'x': 2.7535498437441808, 'y': 317.25557697823365}. Best is trial 361 with value: 1318.9827115392918.
[I 2023-09-01 09:50:24,745] Trial 546 finished with value: 1391.1800783061797 and parameters: {'x': 2.7635938441787005, 'y': 186.57741542133536}. Best is trial 361 with value: 1318.9827115392918.
[I 2023-09-01 09:52:03,167] Trial 547 finished with value: 11432.93942363647 and parameters: {'x': 1.430337558313311, 'y': 82.1877996795879}. Best is trial 361 with value: 1318.9827115392918.
[I 2023-09-01 09:53:41,326] Trial 548 finished with value: 1527.6242964681715 and parameters: {'x': 2.6515941558947924, 'y': 157.8697281685125}. Best is trial 361 with value: 1318.9827115392918.
[I 2023-09-01 09:55:19,589] Trial 549 finished with value: 11078.50999433778 and parameters: {'x': 2.179725453186411, 'y': 36.39803607809063}. Best is trial 361 with value: 1318.9827115392918.
[I 2023-09-01 09:56:58,055] Trial 550 finished with value: 4604.085526741716 and parameters: {'x': 1.689175629560678, 'y': 392.04914113305654}. Best is trial 361 with value: 1318.9827115392918.
[I 2023-09-01 09:58:36,015] Trial 551 finished with value: 4261.419099281241 and parameters: {'x': 2.2488737360416002, 'y': 129.37860314545185}. Best is trial 361 with value: 1318.9827115392918.
[I 2023-09-01 10:00:14,096] Trial 552 finished with value: 12377.916666666666 and parameters: {'x': 2.7240513344477795, 'y': 847.7793926614604}. Best is trial 361 with value: 1318.9827115392918.
[I 2023-09-01 10:01:51,941] Trial 553 finished with value: 12377.916666666666 and parameters: {'x': 2.6892214214900267, 'y': 615.5654138676314}. Best is trial 361 with value: 1318.9827115392918.
[I 2023-09-01 10:03:29,981] Trial 554 finished with value: 3860.681143487764 and parameters: {'x': 2.7651876118032503, 'y': 204.53391780055463}. Best is trial 361 with value: 1318.9827115392918.
[I 2023-09-01 10:05:08,012] Trial 555 finished with value: 1338.5559734633114 and parameters: {'x': 2.734962907367586, 'y': 174.94242266592428}. Best is trial 361 with value: 1318.9827115392918.
[I 2023-09-01 10:06:46,341] Trial 556 finished with value: 1349.6244789181599 and parameters: {'x': 2.769955270140027, 'y': 150.6887898212781}. Best is trial 361 with value: 1318.9827115392918.
[I 2023-09-01 10:08:24,331] Trial 557 finished with value: 1679.0449718374891 and parameters: {'x': 2.1224999333981494, 'y': 120.62863355090992}. Best is trial 361 with value: 1318.9827115392918.
[I 2023-09-01 10:10:02,409] Trial 558 finished with value: 11692.10998051819 and parameters: {'x': 2.7323483888257627, 'y': 17.556672804858124}. Best is trial 361 with value: 1318.9827115392918.
[I 2023-09-01 10:11:40,324] Trial 559 finished with value: 12377.916666666666 and parameters: {'x': 2.0221835008668325, 'y': 702.8955340437594}. Best is trial 361 with value: 1318.9827115392918.
[I 2023-09-01 10:13:18,394] Trial 560 finished with value: 1654.6802042001211 and parameters: {'x': 1.7029695832149407, 'y': 172.77509026707088}. Best is trial 361 with value: 1318.9827115392918.
[I 2023-09-01 10:14:56,887] Trial 561 finished with value: 3080.3609220537214 and parameters: {'x': 2.7993924986853957, 'y': 61.35398743052541}. Best is trial 361 with value: 1318.9827115392918.
[I 2023-09-01 10:16:35,196] Trial 562 finished with value: 12377.916666666666 and parameters: {'x': 2.636053311178581, 'y': 834.5933361918326}. Best is trial 361 with value: 1318.9827115392918.
[I 2023-09-01 10:18:14,250] Trial 563 finished with value: 5721.5107909836925 and parameters: {'x': 1.9350024301080753, 'y': 96.3150274463268}. Best is trial 361 with value: 1318.9827115392918.
[I 2023-09-01 10:19:52,389] Trial 564 finished with value: 12377.916666666666 and parameters: {'x': 2.6906733892667654, 'y': 511.5976744181213}. Best is trial 361 with value: 1318.9827115392918.
[I 2023-09-01 10:21:30,143] Trial 565 finished with value: 12377.916666666666 and parameters: {'x': 2.76176367242567, 'y': 797.2292004506696}. Best is trial 361 with value: 1318.9827115392918.
[I 2023-09-01 10:23:08,393] Trial 566 finished with value: 1402.7891624701097 and parameters: {'x': 2.724581658099709, 'y': 150.87630995187746}. Best is trial 361 with value: 1318.9827115392918.
[I 2023-09-01 10:24:47,291] Trial 567 finished with value: 4639.124077631233 and parameters: {'x': 2.2299344018395684, 'y': 134.02352772848167}. Best is trial 361 with value: 1318.9827115392918.
[I 2023-09-01 10:26:26,939] Trial 568 finished with value: 1617.7850726667937 and parameters: {'x': 2.769040184533911, 'y': 191.05169502668247}. Best is trial 361 with value: 1318.9827115392918.
[I 2023-09-01 10:28:06,588] Trial 569 finished with value: 5123.7892127762325 and parameters: {'x': 1.586395608866151, 'y': 459.45881548850593}. Best is trial 361 with value: 1318.9827115392918.
[I 2023-09-01 10:29:46,417] Trial 570 finished with value: 2464.2842301443097 and parameters: {'x': 2.6747949292861706, 'y': 210.24548703760775}. Best is trial 361 with value: 1318.9827115392918.
[I 2023-09-01 10:31:25,564] Trial 571 finished with value: 12377.916666666666 and parameters: {'x': 2.7393223280771815, 'y': 493.7675079077725}. Best is trial 361 with value: 1318.9827115392918.
[I 2023-09-01 10:33:05,058] Trial 572 finished with value: 1334.1373433556248 and parameters: {'x': 2.7996317241676714, 'y': 155.82157427860494}. Best is trial 361 with value: 1318.9827115392918.
[I 2023-09-01 10:34:44,870] Trial 573 finished with value: 3610.7693431350167 and parameters: {'x': 2.7105579755092095, 'y': 114.13733533257488}. Best is trial 361 with value: 1318.9827115392918.
[I 2023-09-01 10:36:24,172] Trial 574 finished with value: 12377.916666666666 and parameters: {'x': 2.2057322083026425, 'y': 526.44604423946}. Best is trial 361 with value: 1318.9827115392918.
[I 2023-09-01 10:38:04,285] Trial 575 finished with value: 1320.1369053765 and parameters: {'x': 2.763112910545797, 'y': 175.35326144491302}. Best is trial 361 with value: 1318.9827115392918.
[I 2023-09-01 10:39:44,579] Trial 576 finished with value: 1678.7839831178972 and parameters: {'x': 2.5993821861488033, 'y': 137.80619347372627}. Best is trial 361 with value: 1318.9827115392918.
[I 2023-09-01 10:41:24,332] Trial 577 finished with value: 11484.966771938778 and parameters: {'x': 1.811747626525431, 'y': 690.5688873495792}. Best is trial 361 with value: 1318.9827115392918.
[I 2023-09-01 10:43:03,813] Trial 578 finished with value: 12377.916666666666 and parameters: {'x': 2.762272550720861, 'y': 948.970831641304}. Best is trial 361 with value: 1318.9827115392918.
[I 2023-09-01 10:44:42,814] Trial 579 finished with value: 1658.6341148137647 and parameters: {'x': 1.6691285355871546, 'y': 190.72022859624525}. Best is trial 361 with value: 1318.9827115392918.
[I 2023-09-01 10:46:21,045] Trial 580 finished with value: 12377.916666666666 and parameters: {'x': 2.768697150001614, 'y': 349.73382574027744}. Best is trial 361 with value: 1318.9827115392918.
[I 2023-09-01 10:47:59,193] Trial 581 finished with value: 18102.222098016628 and parameters: {'x': 1.3647354840149781, 'y': 589.8615883705102}. Best is trial 361 with value: 1318.9827115392918.
[I 2023-09-01 10:49:37,340] Trial 582 finished with value: 1322.5890951274566 and parameters: {'x': 2.7989136569039434, 'y': 162.6312171964224}. Best is trial 361 with value: 1318.9827115392918.
[I 2023-09-01 10:51:15,017] Trial 583 finished with value: 12377.916666666666 and parameters: {'x': 2.799194123687188, 'y': 737.9871325993186}. Best is trial 361 with value: 1318.9827115392918.
[I 2023-09-01 10:52:53,149] Trial 584 finished with value: 12250.277171689311 and parameters: {'x': 1.0574783334481463, 'y': 97.46537554480471}. Best is trial 361 with value: 1318.9827115392918.
[I 2023-09-01 10:54:30,997] Trial 585 finished with value: 12377.916666666666 and parameters: {'x': 1.9908965481256558, 'y': 613.1309425449848}. Best is trial 361 with value: 1318.9827115392918.
[I 2023-09-01 10:56:09,180] Trial 586 finished with value: 1446.9431005017059 and parameters: {'x': 2.716299539269192, 'y': 156.84815765400677}. Best is trial 361 with value: 1318.9827115392918.
[I 2023-09-01 10:57:47,128] Trial 587 finished with value: 12377.916666666666 and parameters: {'x': 2.7730383263967493, 'y': 575.5334327721789}. Best is trial 361 with value: 1318.9827115392918.
[I 2023-09-01 10:59:25,273] Trial 588 finished with value: 2754.5536186439654 and parameters: {'x': 2.732617779442632, 'y': 119.54320243464221}. Best is trial 361 with value: 1318.9827115392918.
[I 2023-09-01 11:01:03,556] Trial 589 finished with value: 1330.3814486507624 and parameters: {'x': 2.7682747298520654, 'y': 138.69123777172607}. Best is trial 361 with value: 1318.9827115392918.
[I 2023-09-01 11:02:41,729] Trial 590 finished with value: 10033.531421937716 and parameters: {'x': 1.3246958804583318, 'y': 165.76432560274344}. Best is trial 361 with value: 1318.9827115392918.
[I 2023-09-01 11:04:19,898] Trial 591 finished with value: 6296.613073620408 and parameters: {'x': 2.1162472009858275, 'y': 378.0989272921693}. Best is trial 361 with value: 1318.9827115392918.
[I 2023-09-01 11:05:58,083] Trial 592 finished with value: 1330.7807232889193 and parameters: {'x': 2.7987833044892327, 'y': 147.38801557715763}. Best is trial 361 with value: 1318.9827115392918.
[I 2023-09-01 11:07:36,132] Trial 593 finished with value: 2256.932058994645 and parameters: {'x': 2.685044488495804, 'y': 125.84610691849723}. Best is trial 361 with value: 1318.9827115392918.
[I 2023-09-01 11:09:14,003] Trial 594 finished with value: 12377.916666666666 and parameters: {'x': 2.7393580488160483, 'y': 997.1379197795611}. Best is trial 361 with value: 1318.9827115392918.
[I 2023-09-01 11:10:52,852] Trial 595 finished with value: 12356.98089521079 and parameters: {'x': 2.6413459029197117, 'y': 304.6929399297428}. Best is trial 361 with value: 1318.9827115392918.
[I 2023-09-01 11:12:31,177] Trial 596 finished with value: 9183.744947388413 and parameters: {'x': 1.8793794611691998, 'y': 74.30865293379496}. Best is trial 361 with value: 1318.9827115392918.
[I 2023-09-01 11:14:09,360] Trial 597 finished with value: 2047.3232618514346 and parameters: {'x': 1.7827141301405343, 'y': 173.20814602682358}. Best is trial 361 with value: 1318.9827115392918.
[I 2023-09-01 11:15:47,075] Trial 598 finished with value: 12377.916666666666 and parameters: {'x': 2.7711469338173362, 'y': 328.78020258787444}. Best is trial 361 with value: 1318.9827115392918.
[I 2023-09-01 11:17:25,179] Trial 599 finished with value: 5797.637500223682 and parameters: {'x': 2.7990588068390347, 'y': 206.7833626281273}. Best is trial 361 with value: 1318.9827115392918.
[I 2023-09-01 11:19:03,598] Trial 600 finished with value: 4044.7496686632153 and parameters: {'x': 2.698123144372957, 'y': 101.78389582386751}. Best is trial 361 with value: 1318.9827115392918.
[I 2023-09-01 11:20:41,347] Trial 601 finished with value: 12377.916666666666 and parameters: {'x': 2.7989121470455856, 'y': 645.4465846480239}. Best is trial 361 with value: 1318.9827115392918.
[I 2023-09-01 11:22:19,237] Trial 602 finished with value: 12377.916666666666 and parameters: {'x': 2.732902059505428, 'y': 523.644873080204}. Best is trial 361 with value: 1318.9827115392918.
[I 2023-09-01 11:23:57,094] Trial 603 finished with value: 12377.916666666666 and parameters: {'x': 2.761884111803886, 'y': 561.7444523668191}. Best is trial 361 with value: 1318.9827115392918.
[I 2023-09-01 11:25:34,749] Trial 604 finished with value: 1367.3416616436236 and parameters: {'x': 2.7057090199165694, 'y': 147.07499362428342}. Best is trial 361 with value: 1318.9827115392918.
[I 2023-09-01 11:27:12,856] Trial 605 finished with value: 10975.139999199759 and parameters: {'x': 1.24080572712228, 'y': 168.48735718340728}. Best is trial 361 with value: 1318.9827115392918.
[I 2023-09-01 11:28:51,000] Trial 606 finished with value: 2262.9240903179766 and parameters: {'x': 2.6633984332005043, 'y': 127.06433980925725}. Best is trial 361 with value: 1318.9827115392918.
[I 2023-09-01 11:30:29,279] Trial 607 finished with value: 1635.1146015466027 and parameters: {'x': 1.6361521477879375, 'y': 191.9005175057705}. Best is trial 361 with value: 1318.9827115392918.
[I 2023-09-01 11:32:07,017] Trial 608 finished with value: 12377.916666666666 and parameters: {'x': 2.7991553170493373, 'y': 413.66448947657983}. Best is trial 361 with value: 1318.9827115392918.
[I 2023-09-01 11:33:45,133] Trial 609 finished with value: 9130.464278552286 and parameters: {'x': 2.740354046922892, 'y': 38.51283147580364}. Best is trial 361 with value: 1318.9827115392918.
[I 2023-09-01 11:35:23,295] Trial 610 finished with value: 9185.87218168805 and parameters: {'x': 1.4038435383175478, 'y': 156.09255627102232}. Best is trial 361 with value: 1318.9827115392918.
[I 2023-09-01 11:37:01,533] Trial 611 finished with value: 12222.008220914664 and parameters: {'x': 2.765799231239487, 'y': 5.668949221634307}. Best is trial 361 with value: 1318.9827115392918.
[I 2023-09-01 11:38:40,780] Trial 612 finished with value: 12177.835097925747 and parameters: {'x': 1.0924214270097532, 'y': 103.86204709231475}. Best is trial 361 with value: 1318.9827115392918.
[I 2023-09-01 11:40:19,521] Trial 613 finished with value: 12377.916666666666 and parameters: {'x': 2.7211687331067282, 'y': 461.2838355596568}. Best is trial 361 with value: 1318.9827115392918.
[I 2023-09-01 11:41:57,657] Trial 614 finished with value: 1707.6780758830691 and parameters: {'x': 2.5703807034673303, 'y': 177.14563361924206}. Best is trial 361 with value: 1318.9827115392918.
[I 2023-09-01 11:43:35,706] Trial 615 finished with value: 1345.0642849398123 and parameters: {'x': 2.7625927046388075, 'y': 137.37222083874585}. Best is trial 361 with value: 1318.9827115392918.
[I 2023-09-01 11:45:14,013] Trial 616 finished with value: 1532.9774712980695 and parameters: {'x': 2.6272304239814384, 'y': 207.38174283106747}. Best is trial 361 with value: 1318.9827115392918.
[I 2023-09-01 11:46:52,810] Trial 617 finished with value: 9979.006915462984 and parameters: {'x': 2.022829888156366, 'y': 56.33677053741482}. Best is trial 361 with value: 1318.9827115392918.
[I 2023-09-01 11:48:31,047] Trial 618 finished with value: 3602.5101202858536 and parameters: {'x': 2.6940889253405573, 'y': 114.86857277923546}. Best is trial 361 with value: 1318.9827115392918.
[I 2023-09-01 11:50:10,167] Trial 619 finished with value: 3855.1270829128775 and parameters: {'x': 2.1630963556098175, 'y': 87.77585402222647}. Best is trial 361 with value: 1318.9827115392918.
[I 2023-09-01 11:51:48,992] Trial 620 finished with value: 1867.1422685305195 and parameters: {'x': 1.7638538940172857, 'y': 154.11374134123858}. Best is trial 361 with value: 1318.9827115392918.
[I 2023-09-01 11:53:27,419] Trial 621 finished with value: 4751.230094595017 and parameters: {'x': 1.8180696889311916, 'y': 443.0357940995483}. Best is trial 361 with value: 1318.9827115392918.
[I 2023-09-01 11:55:05,899] Trial 622 finished with value: 1343.892744213517 and parameters: {'x': 2.7418103338936937, 'y': 184.54618170399937}. Best is trial 361 with value: 1318.9827115392918.
[I 2023-09-01 11:56:45,166] Trial 623 finished with value: 7499.0431002795085 and parameters: {'x': 1.546639622670405, 'y': 141.21754606083923}. Best is trial 361 with value: 1318.9827115392918.
